#
# A fatal error has been detected by the Java Runtime Environment:
#
#  EXCEPTION_ACCESS_VIOLATION (0xc0000005) at pc=0x00007ffe0f522a47, pid=30908, tid=33696
#
# JRE version: Java(TM) SE Runtime Environment (17.0.11+7) (build 17.0.11+7-LTS-207)
# Java VM: Java HotSpot(TM) 64-Bit Server VM (17.0.11+7-LTS-207, mixed mode, sharing, tiered, compressed oops, compressed class ptrs, g1 gc, windows-amd64)
# Problematic frame:
# C  [igxelpicd64.dll+0x62a47]
#
# No core dump will be written. Minidumps are not enabled by default on client versions of Windows
#
# If you would like to submit a bug report, please visit:
#   https://bugreport.java.com/bugreport/crash.jsp
# The crash happened outside the Java Virtual Machine in native code.
# See problematic frame for where to report the bug.
#

---------------  S U M M A R Y ------------

Command Line: -Dfile.encoding=windows-1252 -Duser.country=US -Duser.language=en -Duser.variant Main

Host: 11th Gen Intel(R) Core(TM) i7-11390H @ 3.40GHz, 8 cores, 15G,  Windows 11 , 64 bit Build 22621 (10.0.22621.3672)
Time: Sat Jun 15 00:05:48 2024 Jerusalem Daylight Time elapsed time: 1.091454 seconds (0d 0h 0m 1s)

---------------  T H R E A D  ---------------

Current thread (0x000001a59e524f70):  JavaThread "main" [_thread_in_native, id=33696, stack(0x00000020e3d00000,0x00000020e3e00000)]

Stack: [0x00000020e3d00000,0x00000020e3e00000],  sp=0x00000020e3dff108,  free space=1020k
Native frames: (J=compiled Java code, j=interpreted, Vv=VM code, C=native code)
C  [igxelpicd64.dll+0x62a47]

Java frames: (J=compiled Java code, j=interpreted, Vv=VM code)
J 686  org.lwjgl.opengl.GL11C.glClear(I)V (0 bytes) @ 0x000001a5ad8e5a69 [0x000001a5ad8e5a20+0x0000000000000049]
J 696% c2 Jade.Window.loop()V (114 bytes) @ 0x000001a5ad8e717c [0x000001a5ad8e70c0+0x00000000000000bc]
j  Jade.Window.run()V+19
j  Main.main([Ljava/lang/String;)V+5
v  ~StubRoutines::call_stub

siginfo: EXCEPTION_ACCESS_VIOLATION (0xc0000005), writing address 0x000001a60aa70000


Registers:
RAX=0x00000000000b0000, RBX=0x000001a5c1c7cd40, RCX=0x00000000680b0000, RDX=0x00007ffe1050b700
RSP=0x00000020e3dff108, RBP=0x00000020e3dff210, RSI=0x0000000000000000, RDI=0x000001a5c1c47100
R8 =0xfffffffffff6fc20, R9 =0x000001a5c1c7c360, R10=0x000001a60aa70000, R11=0x0000000000000000
R12=0x0000000000000780, R13=0x00000000000003f1, R14=0x0000000000000000, R15=0x000001a5c1bebbf0
RIP=0x00007ffe0f522a47, EFLAGS=0x0000000000010206


Register to memory mapping:

RIP=0x00007ffe0f522a47 igxelpicd64.dll
RAX=0x00000000000b0000 is an unknown value
RBX=0x000001a5c1c7cd40 points into unknown readable memory: 0x0000000000000000 | 00 00 00 00 00 00 00 00
RCX=0x00000000680b0000 is an unknown value
RDX=0x00007ffe1050b700 igxelpicd64.dll
RSP=0x00000020e3dff108 is pointing into the stack for thread: 0x000001a59e524f70
RBP=0x00000020e3dff210 is pointing into the stack for thread: 0x000001a59e524f70
RSI=0x0 is NULL
RDI=0x000001a5c1c47100 points into unknown readable memory: 0x000001a5c1931ac0 | c0 1a 93 c1 a5 01 00 00
R8 =0xfffffffffff6fc20 is an unknown value
R9 =0x000001a5c1c7c360 points into unknown readable memory: 0x000001a5c1c7bff0 | f0 bf c7 c1 a5 01 00 00
R10=0x000001a60aa70000 is an unknown value
R11=0x0 is NULL
R12=0x0000000000000780 is an unknown value
R13=0x00000000000003f1 is an unknown value
R14=0x0 is NULL
R15=0x000001a5c1bebbf0 points into unknown readable memory: 0x0000010100000000 | 00 00 00 00 01 01 00 00


Top of Stack: (sp=0x00000020e3dff108)
0x00000020e3dff108:   00007ffe0f752b5a 0000000000000000
0x00000020e3dff118:   00007ffd9d97e1cf 0000000000000001
0x00000020e3dff128:   00007ffe3d094a1b 0000000000000780
0x00000020e3dff138:   3f800000000003f1 00000020e3dff160
0x00000020e3dff148:   0000000000000007 000001a500000000
0x00000020e3dff158:   00000020e3dff160 00000000000a0008
0x00000020e3dff168:   00007ffe13cf5a10 0000000000000000
0x00000020e3dff178:   0000000000000000 00000000000003f1
0x00000020e3dff188:   0000000000000780 000001a5c1c47100
0x00000020e3dff198:   00007ffe0f84e9ec 000001a5c1bebbf0
0x00000020e3dff1a8:   00000020e3dff210 0000000000004000
0x00000020e3dff1b8:   0000000000000000 0000002000000000
0x00000020e3dff1c8:   0000002000000780 00000020000003f1
0x00000020e3dff1d8:   0000000000000002 00000020e3dff200
0x00000020e3dff1e8:   0000000000000007 00000780000003f1
0x00000020e3dff1f8:   00007ffd00000000 3f8000003f800000 

Instructions: (pc=0x00007ffe0f522a47)
0x00007ffe0f522947:   49 8b 16 48 85 d2 0f 85 eb 76 a4 00 48 8b c6 48
0x00007ffe0f522957:   8b 5c 24 68 48 8b 6c 24 70 48 8b 74 24 78 48 83
0x00007ffe0f522967:   c4 50 41 5e c3 33 f6 eb 90 4c 8b 89 98 00 00 00
0x00007ffe0f522977:   45 33 c0 4c 8b d1 4d 85 c9 74 06 4d 8b 49 68 eb
0x00007ffe0f522987:   0f 4c 8b 89 a0 00 00 00 4d 85 c9 75 ee 4d 8b c8
0x00007ffe0f522997:   8b 8a d8 2f 04 00 83 f9 10 73 0d 48 8d 04 cd 23
0x00007ffe0f5229a7:   00 00 00 48 03 c1 eb 57 8d 41 f0 c1 e8 04 83 f8
0x00007ffe0f5229b7:   03 73 20 0f ae e8 4d 8b 9c c1 98 05 00 00 4d 85
0x00007ffe0f5229c7:   db 74 26 8d 41 f0 83 e0 0f 48 8d 04 c0 49 8d 04
0x00007ffe0f5229d7:   c3 eb 30 49 8b 81 b0 05 00 00 eb 08 39 08 74 37
0x00007ffe0f5229e7:   48 8b 40 50 48 85 c0 75 f3 45 38 81 b8 05 00 00
0x00007ffe0f5229f7:   74 1a 8b c1 83 e0 0f 48 8d 04 c0 48 8d 40 23 49
0x00007ffe0f522a07:   8d 04 c1 48 85 c0 74 04 4c 8b 40 08 4d 3b 82 58
0x00007ffe0f522a17:   01 00 00 0f 94 c0 c3 48 83 c0 08 eb e6 8b 41 18
0x00007ffe0f522a27:   4c 8b c9 48 8b 49 08 48 85 c9 74 1c 4c 8d 14 01
0x00007ffe0f522a37:   49 81 fa 00 10 00 00 76 0a 48 85 d2 74 05 8b 0a
0x00007ffe0f522a47:   41 89 0a 41 83 41 18 04 c3 33 c0 c6 01 04 48 89
0x00007ffe0f522a57:   41 08 48 89 41 10 48 8b c1 48 89 11 c3 cc cc cc
0x00007ffe0f522a67:   cc cc cc cc cc cc cc cc cc 33 c0 48 89 01 c6 01
0x00007ffe0f522a77:   04 81 21 ff f9 ff ff 88 41 02 81 21 ff ff ff 00
0x00007ffe0f522a87:   81 09 00 00 00 7a 48 89 41 08 48 89 41 10 48 8b
0x00007ffe0f522a97:   c1 c3 cc cc cc 48 89 5c 24 20 55 56 57 41 54 41
0x00007ffe0f522aa7:   55 41 56 41 57 48 8d 6c 24 e0 48 81 ec 20 01 00
0x00007ffe0f522ab7:   00 48 8b 05 09 6e ef 00 48 33 c4 48 89 45 18 4d
0x00007ffe0f522ac7:   8b e1 4d 8b f8 4c 8b f2 48 8b d1 48 89 4c 24 40
0x00007ffe0f522ad7:   4c 8b 81 50 a3 00 00 4c 89 44 24 48 4d 85 ff 74
0x00007ffe0f522ae7:   72 4d 85 c9 74 6d 49 83 39 00 74 67 4d 3b be 18
0x00007ffe0f522af7:   05 04 00 75 09 49 8b 86 10 05 04 00 eb 45 4c 89
0x00007ffe0f522b07:   74 24 60 49 8b 4f 58 48 85 c9 74 06 ff 15 17 f7
0x00007ffe0f522b17:   b5 00 48 8d 54 24 60 49 8d 8f c0 04 00 00 e8 aa
0x00007ffe0f522b27:   7c fd ff 48 8b d8 49 8b 4f 58 48 85 c9 74 06 ff
0x00007ffe0f522b37:   15 ec f6 b5 00 48 8d 43 38 48 8b 54 24 40 4c 8b 


Stack slot to memory mapping:
stack at sp + 0 slots: 0x00007ffe0f752b5a igxelpicd64.dll
stack at sp + 1 slots: 0x0 is NULL
stack at sp + 2 slots: 0x00007ffd9d97e1cf jvm.dll
stack at sp + 3 slots: 0x0000000000000001 is an unknown value
stack at sp + 4 slots: 0x00007ffe3d094a1b KERNEL32.DLL
stack at sp + 5 slots: 0x0000000000000780 is an unknown value
stack at sp + 6 slots: 0x3f800000000003f1 is an unknown value
stack at sp + 7 slots: 0x00000020e3dff160 is pointing into the stack for thread: 0x000001a59e524f70


Compiled method (n/a)    1133  686     n 0       org.lwjgl.opengl.GL11C::glClear (native)
 total in heap  [0x000001a5ad8e5890,0x000001a5ad8e5c40] = 944
 relocation     [0x000001a5ad8e59e8,0x000001a5ad8e5a18] = 48
 main code      [0x000001a5ad8e5a20,0x000001a5ad8e5c38] = 536
 oops           [0x000001a5ad8e5c38,0x000001a5ad8e5c40] = 8

[Constant Pool (empty)]

[MachCode]
[Entry Point]
  # {method} {0x000001a6035a5dc0} 'glClear' '(I)V' in 'org/lwjgl/opengl/GL11C'
  # parm0:    rdx       = int
  #           [sp+0x70]  (sp of caller)
  0x000001a5ad8e5a20: 448b 5208 | 49bb 0000 | 00c2 a501 | 0000 4d03 | d349 3bc2 | 0f84 0600 

  0x000001a5ad8e5a38: ;   {runtime_call ic_miss_stub}
  0x000001a5ad8e5a38: 0000 e941 | 75a7 ff90 
[Verified Entry Point]
  0x000001a5ad8e5a40: 8984 2400 | 90ff ff55 | 488b ec48 | 83ec 604c 

  0x000001a5ad8e5a50: ;   {oop(a 'java/lang/Class'{0x00000007135fcf60} = 'org/lwjgl/opengl/GL11C')}
  0x000001a5ad8e5a50: 8bc2 49be | 60cf 5f13 | 0700 0000 | 4c89 7424 | 504c 8d74 | 2450 498b | d6c5 f877 

  0x000001a5ad8e5a6c: ;   {internal_word}
  0x000001a5ad8e5a6c: 49ba 695a | 8ead a501 | 0000 4d89 | 9798 0200 | 0049 89a7 | 9002 0000 

  0x000001a5ad8e5a84: ;   {external_word}
  0x000001a5ad8e5a84: 49ba c890 | 109e fd7f | 0000 4180 | 3a00 0f84 | 4e00 0000 

  0x000001a5ad8e5a98: ;   {metadata({method} {0x000001a6035a5dc0} 'glClear' '(I)V' in 'org/lwjgl/opengl/GL11C')}
  0x000001a5ad8e5a98: 5241 5048 | bab8 5d5a | 03a6 0100 | 0049 8bcf | 4883 ec20 | f7c4 0f00 | 0000 0f84 | 1a00 0000 
  0x000001a5ad8e5ab8: 4883 ec08 

  0x000001a5ad8e5abc: ;   {runtime_call}
  0x000001a5ad8e5abc: 49ba b0fe | cd9d fd7f | 0000 41ff | d248 83c4 | 08e9 0d00 

  0x000001a5ad8e5ad0: ;   {runtime_call}
  0x000001a5ad8e5ad0: 0000 49ba | b0fe cd9d | fd7f 0000 | 41ff d248 | 83c4 2041 | 585a 498d | 8fb0 0200 | 0041 c787 
  0x000001a5ad8e5af0: 4003 0000 | 0400 0000 

  0x000001a5ad8e5af8: ;   {runtime_call}
  0x000001a5ad8e5af8: 49ba 90c5 | 460f fe7f | 0000 41ff | d2c5 f877 | 41c7 8740 | 0300 0005 | 0000 00f0 | 8344 24c0 
  0x000001a5ad8e5b18: 0049 3baf | 4803 0000 | 0f87 1100 | 0000 4181 | bf30 0300 | 0000 0000 | 000f 8424 | 0000 00c5 
  0x000001a5ad8e5b38: f877 498b | cf4c 8be4 | 4883 ec20 | 4883 e4f0 

  0x000001a5ad8e5b48: ;   {runtime_call}
  0x000001a5ad8e5b48: 49ba 10ad | d89d fd7f | 0000 41ff | d249 8be4 | 4d33 e441 | c787 4003 | 0000 0800 | 0000 4181 
  0x000001a5ad8e5b68: bfb0 0300 | 0002 0000 | 000f 849b 

  0x000001a5ad8e5b74: ;   {external_word}
  0x000001a5ad8e5b74: 0000 0049 | bac8 9010 | 9efd 7f00 | 0041 803a | 000f 8448 

  0x000001a5ad8e5b88: ;   {metadata({method} {0x000001a6035a5dc0} 'glClear' '(I)V' in 'org/lwjgl/opengl/GL11C')}
  0x000001a5ad8e5b88: 0000 0048 | bab8 5d5a | 03a6 0100 | 0049 8bcf | 4883 ec20 | f7c4 0f00 | 0000 0f84 | 1a00 0000 
  0x000001a5ad8e5ba8: 4883 ec08 

  0x000001a5ad8e5bac: ;   {runtime_call}
  0x000001a5ad8e5bac: 49ba b0fe | cd9d fd7f | 0000 41ff | d248 83c4 | 08e9 0d00 

  0x000001a5ad8e5bc0: ;   {runtime_call}
  0x000001a5ad8e5bc0: 0000 49ba | b0fe cd9d | fd7f 0000 | 41ff d248 | 83c4 2049 | c787 9002 | 0000 0000 | 0000 49c7 
  0x000001a5ad8e5be0: 8798 0200 | 0000 0000 | 00c5 f877 | 498b 8fd8 | 0000 00c7 | 8100 0100 | 0000 0000 | 00c9 4981 
  0x000001a5ad8e5c00: 7f08 0000 | 0000 0f85 | 0100 0000 

  0x000001a5ad8e5c0c: ;   {runtime_call StubRoutines (1)}
  0x000001a5ad8e5c0c: c3e9 eeb2 | a2ff c5f8 | 774c 8be4 | 4883 ec20 | 4883 e4f0 

  0x000001a5ad8e5c20: ;   {runtime_call}
  0x000001a5ad8e5c20: 49ba d02f | ce9d fd7f | 0000 41ff | d249 8be4 | 4d33 e4e9 | 3fff ffff 
[/MachCode]


Compiled method (c2)    1138  696 %     4       Jade.Window::loop @ 0 (114 bytes)
 total in heap  [0x000001a5ad8e6f10,0x000001a5ad8e75b0] = 1696
 relocation     [0x000001a5ad8e7068,0x000001a5ad8e70c0] = 88
 main code      [0x000001a5ad8e70c0,0x000001a5ad8e72a0] = 480
 stub code      [0x000001a5ad8e72a0,0x000001a5ad8e72f0] = 80
 oops           [0x000001a5ad8e72f0,0x000001a5ad8e72f8] = 8
 metadata       [0x000001a5ad8e72f8,0x000001a5ad8e7340] = 72
 scopes data    [0x000001a5ad8e7340,0x000001a5ad8e7428] = 232
 scopes pcs     [0x000001a5ad8e7428,0x000001a5ad8e7528] = 256
 dependencies   [0x000001a5ad8e7528,0x000001a5ad8e7530] = 8
 handler table  [0x000001a5ad8e7530,0x000001a5ad8e7590] = 96
 nul chk table  [0x000001a5ad8e7590,0x000001a5ad8e75b0] = 32

[Constant Pool (empty)]

[MachCode]
[Verified Entry Point]
  # {method} {0x000001a6034013c0} 'loop' '()V' in 'Jade/Window'
  0x000001a5ad8e70c0: cc66 6666 | 0f1f 8400 | 0000 0000 | 6666 6690 | 8984 2400 | 90ff ff55 | 4883 ec50 | 488b 1a48 
  0x000001a5ad8e70e0: 8bca 49ba | a0b8 6a9d | fd7f 0000 | 41ff d244 

  0x000001a5ad8e70f0: ;   {metadata('Jade/Window')}
  0x000001a5ad8e70f0: 8b5b 0841 | 81fb 000a | 0001 0f85 | 3801 0000 

  0x000001a5ad8e7100: ;   {oop(a 'java/lang/Class'{0x0000000713473028} = 'Jade/KeyListener')}
  0x000001a5ad8e7100: 48bd 2830 | 4713 0700 | 0000 660f | 1f44 0000 | 488b 5310 | 4885 d20f | 84c7 0000 | 0048 895c 
  0x000001a5ad8e7120: 2420 49b8 | c080 c913 | fe7f 0000 

  0x000001a5ad8e712c: ;   {static_call}
  0x000001a5ad8e712c: 6666 90e8 

  0x000001a5ad8e7130: ; ImmutableOopMap {rbp=Oop [32]=Oop }
                      ;*invokestatic invokePI {reexecute=0 rethrow=0 return_oop=0}
                      ; - org.lwjgl.glfw.GLFW::glfwWindowShouldClose@17 (line 2278)
                      ; - Jade.Window::loop@4 (line 96)
  0x000001a5ad8e7130: 0ce1 ffff | 85c0 0f85 | d400 0000 | 48ba 5075 | c913 fe7f 

  0x000001a5ad8e7144: ;   {static_call}
  0x000001a5ad8e7144: 0000 90e8 

  0x000001a5ad8e7148: ; ImmutableOopMap {rbp=Oop [32]=Oop }
                      ;*invokestatic invokeV {reexecute=0 rethrow=0 return_oop=0}
                      ; - org.lwjgl.glfw.GLFW::glfwPollEvents@5 (line 3438)
                      ; - Jade.Window::loop@10 (line 99)
  0x000001a5ad8e7148: f4dc ffff | 4c8b 5424 | 20c4 c17a | 105a 28c4 | c17a 1042 | 1cc4 c17a | 104a 20c4 | c17a 1052 
  0x000001a5ad8e7168: ;   {static_call}
  0x000001a5ad8e7168: 2466 90e8 

  0x000001a5ad8e716c: ; ImmutableOopMap {rbp=Oop [32]=Oop }
                      ;*invokestatic glClearColor {reexecute=0 rethrow=0 return_oop=0}
                      ; - org.lwjgl.opengl.GL11::glClearColor@4 (line 1022)
                      ; - Jade.Window::loop@29 (line 101)
  0x000001a5ad8e716c: d0e4 ffff | ba00 4000 

  0x000001a5ad8e7174: ;   {static_call}
  0x000001a5ad8e7174: 0066 90e8 

  0x000001a5ad8e7178: ; ImmutableOopMap {rbp=Oop [32]=Oop }
                      ;*invokestatic glClear {reexecute=0 rethrow=0 return_oop=0}
                      ; - org.lwjgl.opengl.GL11::glClear@1 (line 992)
                      ; - Jade.Window::loop@35 (line 102)
  0x000001a5ad8e7178: c4e8 ffff | 488b 5c24 | 2044 0fb6 | 5b2c 4585 | db0f 8595 | 0000 0044 | 8b55 7047 | 8b5c d40c 
  0x000001a5ad8e7198: ; implicit exception: dispatches to 0x000001a5ad8e7264
  0x000001a5ad8e7198: 478b 44dc | 0c41 83f8 | 2076 2d4d | 8b97 5003 | 0000 470f 

  0x000001a5ad8e71ac: ; ImmutableOopMap {rbx=Oop rbp=Oop }
                      ;*ifeq {reexecute=1 rethrow=0 return_oop=0}
                      ; - (reexecute) Jade.Window::loop@95 (line 110)
  0x000001a5ad8e71ac: b65c dc30 

  0x000001a5ad8e71b0: ;   {poll}
  0x000001a5ad8e71b0: 4185 0245 | 85db 0f84 | 54ff ffff | ba45 ffff | ff48 8beb | 4489 5c24 

  0x000001a5ad8e71c8: ;   {runtime_call UncommonTrapBlob}
  0x000001a5ad8e71c8: 2066 90e8 

  0x000001a5ad8e71cc: ; ImmutableOopMap {rbp=Oop }
                      ;*ifeq {reexecute=1 rethrow=0 return_oop=0}
                      ; - (reexecute) Jade.Window::loop@95 (line 110)
  0x000001a5ad8e71cc: 30e9 a7ff | bae4 ffff | ff48 8beb | 4489 5c24 

  0x000001a5ad8e71dc: ;   {runtime_call UncommonTrapBlob}
  0x000001a5ad8e71dc: 2066 90e8 

  0x000001a5ad8e71e0: ; ImmutableOopMap {rbp=Oop [32]=NarrowOop }
                      ;*baload {reexecute=0 rethrow=0 return_oop=0}
                      ; - Jade.KeyListener::isKeyPressed@7 (line 28)
                      ; - Jade.Window::loop@92 (line 110)
  0x000001a5ad8e71e0: 1ce9 a7ff | 4533 d249 | 3bd2 bdff | ffff ff7c | 0840 0f95 | c540 0fb6 | ed48 895c | 2420 4889 
  0x000001a5ad8e7200: 5424 30ba | 45ff ffff 

  0x000001a5ad8e7208: ;   {runtime_call UncommonTrapBlob}
  0x000001a5ad8e7208: 6666 90e8 

  0x000001a5ad8e720c: ; ImmutableOopMap {[32]=Oop }
                      ;*ifne {reexecute=1 rethrow=0 return_oop=0}
                      ; - (reexecute) org.lwjgl.system.Checks::check@3 (line 187)
                      ; - org.lwjgl.glfw.GLFW::glfwWindowShouldClose@11 (line 2276)
                      ; - Jade.Window::loop@4 (line 96)
  0x000001a5ad8e720c: f0e8 a7ff | ba45 ffff | ff48 8b6c | 2420 8944 

  0x000001a5ad8e721c: ;   {runtime_call UncommonTrapBlob}
  0x000001a5ad8e721c: 2420 90e8 

  0x000001a5ad8e7220: ; ImmutableOopMap {rbp=Oop }
                      ;*ifeq {reexecute=1 rethrow=0 return_oop=0}
                      ; - (reexecute) org.lwjgl.glfw.GLFW::glfwWindowShouldClose@20 (line 2278)
                      ; - Jade.Window::loop@4 (line 96)
  0x000001a5ad8e7220: dce8 a7ff | ba45 ffff | ff48 8beb | 4489 5c24 

  0x000001a5ad8e7230: ;   {runtime_call UncommonTrapBlob}
  0x000001a5ad8e7230: 2066 90e8 

  0x000001a5ad8e7234: ; ImmutableOopMap {rbp=Oop }
                      ;*ifeq {reexecute=1 rethrow=0 return_oop=0}
                      ; - (reexecute) Jade.Window::loop@42 (line 104)
  0x000001a5ad8e7234: c8e8 a7ff | ba8d ffff | ff48 8beb 

  0x000001a5ad8e7240: ;   {runtime_call UncommonTrapBlob}
  0x000001a5ad8e7240: 6666 90e8 

  0x000001a5ad8e7244: ; ImmutableOopMap {rbp=Oop }
                      ;*aload_0 {reexecute=0 rethrow=0 return_oop=0}
                      ; - Jade.Window::loop@0 (line 96)
  0x000001a5ad8e7244: b8e8 a7ff | 488b d0eb | 0d48 8bd0 | eb08 488b | d0eb 0348 | 8bd0 4883 

  0x000001a5ad8e725c: ;   {runtime_call _rethrow_Java}
  0x000001a5ad8e725c: c450 5de9 | 1ced b2ff | baf6 ffff 

  0x000001a5ad8e7268: ;   {runtime_call UncommonTrapBlob}
  0x000001a5ad8e7268: ff66 90e8 

  0x000001a5ad8e726c: ; ImmutableOopMap {}
                      ;*baload {reexecute=0 rethrow=0 return_oop=0}
                      ; - Jade.KeyListener::isKeyPressed@7 (line 28)
                      ; - Jade.Window::loop@92 (line 110)
  0x000001a5ad8e726c: 90e8 a7ff | ba45 ffff | ff48 8beb | 4489 5424 

  0x000001a5ad8e727c: ;   {runtime_call UncommonTrapBlob}
  0x000001a5ad8e727c: 2066 90e8 

  0x000001a5ad8e7280: ; ImmutableOopMap {rbp=Oop [32]=NarrowOop }
                      ;*ifnonnull {reexecute=1 rethrow=0 return_oop=0}
                      ; - (reexecute) Jade.KeyListener::get@3 (line 14)
                      ; - Jade.KeyListener::isKeyPressed@0 (line 28)
                      ; - Jade.Window::loop@92 (line 110)
  0x000001a5ad8e7280: 7ce8 a7ff | ba76 ffff 

  0x000001a5ad8e7288: ;   {runtime_call UncommonTrapBlob}
  0x000001a5ad8e7288: ff66 90e8 

  0x000001a5ad8e728c: ; ImmutableOopMap {}
                      ;*aload_0 {reexecute=0 rethrow=0 return_oop=0}
                      ; - Jade.Window::loop@0 (line 96)
  0x000001a5ad8e728c: 70e8 a7ff | f4f4 f4f4 | f4f4 f4f4 | f4f4 f4f4 | f4f4 f4f4 
[Stub Code]
  0x000001a5ad8e72a0: ;   {no_reloc}
  0x000001a5ad8e72a0: 48bb 0000 | 0000 0000 

  0x000001a5ad8e72a8: ;   {runtime_call}
  0x000001a5ad8e72a8: 0000 e9fb 

  0x000001a5ad8e72ac: ;   {static_stub}
  0x000001a5ad8e72ac: ffff ff48 | bb00 0000 | 0000 0000 

  0x000001a5ad8e72b8: ;   {runtime_call}
  0x000001a5ad8e72b8: 00e9 fbff 

  0x000001a5ad8e72bc: ;   {static_stub}
  0x000001a5ad8e72bc: ffff 48bb | 0000 0000 | 0000 0000 

  0x000001a5ad8e72c8: ;   {runtime_call}
  0x000001a5ad8e72c8: e9fb ffff 

  0x000001a5ad8e72cc: ;   {static_stub}
  0x000001a5ad8e72cc: ff48 bb00 | 0000 0000 

  0x000001a5ad8e72d4: ;   {runtime_call}
  0x000001a5ad8e72d4: 0000 00e9 | fbff ffff 
[Exception Handler]
  0x000001a5ad8e72dc: ;   {runtime_call ExceptionBlob}
  0x000001a5ad8e72dc: e99f 01b2 | ffe8 0000 | 0000 4883 

  0x000001a5ad8e72e8: ;   {runtime_call DeoptimizationBlob}
  0x000001a5ad8e72e8: 2c24 05e9 | 30eb a7ff 
[/MachCode]


---------------  P R O C E S S  ---------------

Threads class SMR info:
_java_thread_list=0x000001a5c18d0240, length=12, elements={
0x000001a59e524f70, 0x000001a5c1119ca0, 0x000001a5c111a770, 0x000001a5c112ddc0,
0x000001a5c112f8a0, 0x000001a5c1134290, 0x000001a5c1134b60, 0x000001a5c1135810,
0x000001a5c11365e0, 0x000001a5c1138f00, 0x000001a5c13873b0, 0x000001a5c138d920
}

Java Threads: ( => current thread )
=>0x000001a59e524f70 JavaThread "main" [_thread_in_native, id=33696, stack(0x00000020e3d00000,0x00000020e3e00000)]
  0x000001a5c1119ca0 JavaThread "Reference Handler" daemon [_thread_blocked, id=32904, stack(0x00000020e4400000,0x00000020e4500000)]
  0x000001a5c111a770 JavaThread "Finalizer" daemon [_thread_blocked, id=25276, stack(0x00000020e4500000,0x00000020e4600000)]
  0x000001a5c112ddc0 JavaThread "Signal Dispatcher" daemon [_thread_blocked, id=33236, stack(0x00000020e4600000,0x00000020e4700000)]
  0x000001a5c112f8a0 JavaThread "Attach Listener" daemon [_thread_blocked, id=27564, stack(0x00000020e4700000,0x00000020e4800000)]
  0x000001a5c1134290 JavaThread "Service Thread" daemon [_thread_blocked, id=14516, stack(0x00000020e4800000,0x00000020e4900000)]
  0x000001a5c1134b60 JavaThread "Monitor Deflation Thread" daemon [_thread_blocked, id=21640, stack(0x00000020e4900000,0x00000020e4a00000)]
  0x000001a5c1135810 JavaThread "C2 CompilerThread0" daemon [_thread_blocked, id=31928, stack(0x00000020e4a00000,0x00000020e4b00000)]
  0x000001a5c11365e0 JavaThread "C1 CompilerThread0" daemon [_thread_blocked, id=27888, stack(0x00000020e4b00000,0x00000020e4c00000)]
  0x000001a5c1138f00 JavaThread "Sweeper thread" daemon [_thread_blocked, id=30892, stack(0x00000020e4c00000,0x00000020e4d00000)]
  0x000001a5c13873b0 JavaThread "Notification Thread" daemon [_thread_blocked, id=11788, stack(0x00000020e4d00000,0x00000020e4e00000)]
  0x000001a5c138d920 JavaThread "Common-Cleaner" daemon [_thread_blocked, id=32964, stack(0x00000020e4f00000,0x00000020e5000000)]

Other Threads:
  0x000001a5c11132d0 VMThread "VM Thread" [stack: 0x00000020e4300000,0x00000020e4400000] [id=28416]
  0x000001a59e5a9170 WatcherThread [stack: 0x00000020e4e00000,0x00000020e4f00000] [id=29920]
  0x000001a59e590960 GCTaskThread "GC Thread#0" [stack: 0x00000020e3e00000,0x00000020e3f00000] [id=27924]
  0x000001a59e5a13c0 ConcurrentGCThread "G1 Main Marker" [stack: 0x00000020e3f00000,0x00000020e4000000] [id=23940]
  0x000001a59e5a3490 ConcurrentGCThread "G1 Conc#0" [stack: 0x00000020e4000000,0x00000020e4100000] [id=22032]
  0x000001a59e5ee5e0 ConcurrentGCThread "G1 Refine#0" [stack: 0x00000020e4100000,0x00000020e4200000] [id=27744]
  0x000001a5c0fcd130 ConcurrentGCThread "G1 Service" [stack: 0x00000020e4200000,0x00000020e4300000] [id=32196]

Threads with active compile tasks:

VM state: not at safepoint (normal execution)

VM Mutex/Monitor currently owned by a thread: None

Heap address: 0x0000000704000000, size: 4032 MB, Compressed Oops mode: Zero based, Oop shift amount: 3

CDS archive(s) mapped at: [0x000001a5c2000000-0x000001a5c2bd0000-0x000001a5c2bd0000), size 12386304, SharedBaseAddress: 0x000001a5c2000000, ArchiveRelocationMode: 1.
Compressed class space mapped at: 0x000001a5c3000000-0x000001a603000000, reserved size: 1073741824
Narrow klass base: 0x000001a5c2000000, Narrow klass shift: 0, Narrow klass range: 0x100000000

GC Precious Log:
 CPUs: 8 total, 8 available
 Memory: 16122M
 Large Page Support: Disabled
 NUMA Support: Disabled
 Compressed Oops: Enabled (Zero based)
 Heap Region Size: 2M
 Heap Min Capacity: 8M
 Heap Initial Capacity: 252M
 Heap Max Capacity: 4032M
 Pre-touch: Disabled
 Parallel Workers: 8
 Concurrent Workers: 2
 Concurrent Refinement Workers: 8
 Periodic GC: Disabled

Heap:
 garbage-first heap   total 258048K, used 8192K [0x0000000704000000, 0x0000000800000000)
  region size 2048K, 5 young (10240K), 0 survivors (0K)
 Metaspace       used 3525K, committed 3712K, reserved 1114112K
  class space    used 229K, committed 320K, reserved 1048576K

Heap Regions: E=young(eden), S=young(survivor), O=old, HS=humongous(starts), HC=humongous(continues), CS=collection set, F=free, OA=open archive, CA=closed archive, TAMS=top-at-mark-start (previous, next)
|   0|0x0000000704000000, 0x0000000704000000, 0x0000000704200000|  0%| F|  |TAMS 0x0000000704000000, 0x0000000704000000| Untracked 
|   1|0x0000000704200000, 0x0000000704200000, 0x0000000704400000|  0%| F|  |TAMS 0x0000000704200000, 0x0000000704200000| Untracked 
|   2|0x0000000704400000, 0x0000000704400000, 0x0000000704600000|  0%| F|  |TAMS 0x0000000704400000, 0x0000000704400000| Untracked 
|   3|0x0000000704600000, 0x0000000704600000, 0x0000000704800000|  0%| F|  |TAMS 0x0000000704600000, 0x0000000704600000| Untracked 
|   4|0x0000000704800000, 0x0000000704800000, 0x0000000704a00000|  0%| F|  |TAMS 0x0000000704800000, 0x0000000704800000| Untracked 
|   5|0x0000000704a00000, 0x0000000704a00000, 0x0000000704c00000|  0%| F|  |TAMS 0x0000000704a00000, 0x0000000704a00000| Untracked 
|   6|0x0000000704c00000, 0x0000000704c00000, 0x0000000704e00000|  0%| F|  |TAMS 0x0000000704c00000, 0x0000000704c00000| Untracked 
|   7|0x0000000704e00000, 0x0000000704e00000, 0x0000000705000000|  0%| F|  |TAMS 0x0000000704e00000, 0x0000000704e00000| Untracked 
|   8|0x0000000705000000, 0x0000000705000000, 0x0000000705200000|  0%| F|  |TAMS 0x0000000705000000, 0x0000000705000000| Untracked 
|   9|0x0000000705200000, 0x0000000705200000, 0x0000000705400000|  0%| F|  |TAMS 0x0000000705200000, 0x0000000705200000| Untracked 
|  10|0x0000000705400000, 0x0000000705400000, 0x0000000705600000|  0%| F|  |TAMS 0x0000000705400000, 0x0000000705400000| Untracked 
|  11|0x0000000705600000, 0x0000000705600000, 0x0000000705800000|  0%| F|  |TAMS 0x0000000705600000, 0x0000000705600000| Untracked 
|  12|0x0000000705800000, 0x0000000705800000, 0x0000000705a00000|  0%| F|  |TAMS 0x0000000705800000, 0x0000000705800000| Untracked 
|  13|0x0000000705a00000, 0x0000000705a00000, 0x0000000705c00000|  0%| F|  |TAMS 0x0000000705a00000, 0x0000000705a00000| Untracked 
|  14|0x0000000705c00000, 0x0000000705c00000, 0x0000000705e00000|  0%| F|  |TAMS 0x0000000705c00000, 0x0000000705c00000| Untracked 
|  15|0x0000000705e00000, 0x0000000705e00000, 0x0000000706000000|  0%| F|  |TAMS 0x0000000705e00000, 0x0000000705e00000| Untracked 
|  16|0x0000000706000000, 0x0000000706000000, 0x0000000706200000|  0%| F|  |TAMS 0x0000000706000000, 0x0000000706000000| Untracked 
|  17|0x0000000706200000, 0x0000000706200000, 0x0000000706400000|  0%| F|  |TAMS 0x0000000706200000, 0x0000000706200000| Untracked 
|  18|0x0000000706400000, 0x0000000706400000, 0x0000000706600000|  0%| F|  |TAMS 0x0000000706400000, 0x0000000706400000| Untracked 
|  19|0x0000000706600000, 0x0000000706600000, 0x0000000706800000|  0%| F|  |TAMS 0x0000000706600000, 0x0000000706600000| Untracked 
|  20|0x0000000706800000, 0x0000000706800000, 0x0000000706a00000|  0%| F|  |TAMS 0x0000000706800000, 0x0000000706800000| Untracked 
|  21|0x0000000706a00000, 0x0000000706a00000, 0x0000000706c00000|  0%| F|  |TAMS 0x0000000706a00000, 0x0000000706a00000| Untracked 
|  22|0x0000000706c00000, 0x0000000706c00000, 0x0000000706e00000|  0%| F|  |TAMS 0x0000000706c00000, 0x0000000706c00000| Untracked 
|  23|0x0000000706e00000, 0x0000000706e00000, 0x0000000707000000|  0%| F|  |TAMS 0x0000000706e00000, 0x0000000706e00000| Untracked 
|  24|0x0000000707000000, 0x0000000707000000, 0x0000000707200000|  0%| F|  |TAMS 0x0000000707000000, 0x0000000707000000| Untracked 
|  25|0x0000000707200000, 0x0000000707200000, 0x0000000707400000|  0%| F|  |TAMS 0x0000000707200000, 0x0000000707200000| Untracked 
|  26|0x0000000707400000, 0x0000000707400000, 0x0000000707600000|  0%| F|  |TAMS 0x0000000707400000, 0x0000000707400000| Untracked 
|  27|0x0000000707600000, 0x0000000707600000, 0x0000000707800000|  0%| F|  |TAMS 0x0000000707600000, 0x0000000707600000| Untracked 
|  28|0x0000000707800000, 0x0000000707800000, 0x0000000707a00000|  0%| F|  |TAMS 0x0000000707800000, 0x0000000707800000| Untracked 
|  29|0x0000000707a00000, 0x0000000707a00000, 0x0000000707c00000|  0%| F|  |TAMS 0x0000000707a00000, 0x0000000707a00000| Untracked 
|  30|0x0000000707c00000, 0x0000000707c00000, 0x0000000707e00000|  0%| F|  |TAMS 0x0000000707c00000, 0x0000000707c00000| Untracked 
|  31|0x0000000707e00000, 0x0000000707e00000, 0x0000000708000000|  0%| F|  |TAMS 0x0000000707e00000, 0x0000000707e00000| Untracked 
|  32|0x0000000708000000, 0x0000000708000000, 0x0000000708200000|  0%| F|  |TAMS 0x0000000708000000, 0x0000000708000000| Untracked 
|  33|0x0000000708200000, 0x0000000708200000, 0x0000000708400000|  0%| F|  |TAMS 0x0000000708200000, 0x0000000708200000| Untracked 
|  34|0x0000000708400000, 0x0000000708400000, 0x0000000708600000|  0%| F|  |TAMS 0x0000000708400000, 0x0000000708400000| Untracked 
|  35|0x0000000708600000, 0x0000000708600000, 0x0000000708800000|  0%| F|  |TAMS 0x0000000708600000, 0x0000000708600000| Untracked 
|  36|0x0000000708800000, 0x0000000708800000, 0x0000000708a00000|  0%| F|  |TAMS 0x0000000708800000, 0x0000000708800000| Untracked 
|  37|0x0000000708a00000, 0x0000000708a00000, 0x0000000708c00000|  0%| F|  |TAMS 0x0000000708a00000, 0x0000000708a00000| Untracked 
|  38|0x0000000708c00000, 0x0000000708c00000, 0x0000000708e00000|  0%| F|  |TAMS 0x0000000708c00000, 0x0000000708c00000| Untracked 
|  39|0x0000000708e00000, 0x0000000708e00000, 0x0000000709000000|  0%| F|  |TAMS 0x0000000708e00000, 0x0000000708e00000| Untracked 
|  40|0x0000000709000000, 0x0000000709000000, 0x0000000709200000|  0%| F|  |TAMS 0x0000000709000000, 0x0000000709000000| Untracked 
|  41|0x0000000709200000, 0x0000000709200000, 0x0000000709400000|  0%| F|  |TAMS 0x0000000709200000, 0x0000000709200000| Untracked 
|  42|0x0000000709400000, 0x0000000709400000, 0x0000000709600000|  0%| F|  |TAMS 0x0000000709400000, 0x0000000709400000| Untracked 
|  43|0x0000000709600000, 0x0000000709600000, 0x0000000709800000|  0%| F|  |TAMS 0x0000000709600000, 0x0000000709600000| Untracked 
|  44|0x0000000709800000, 0x0000000709800000, 0x0000000709a00000|  0%| F|  |TAMS 0x0000000709800000, 0x0000000709800000| Untracked 
|  45|0x0000000709a00000, 0x0000000709a00000, 0x0000000709c00000|  0%| F|  |TAMS 0x0000000709a00000, 0x0000000709a00000| Untracked 
|  46|0x0000000709c00000, 0x0000000709c00000, 0x0000000709e00000|  0%| F|  |TAMS 0x0000000709c00000, 0x0000000709c00000| Untracked 
|  47|0x0000000709e00000, 0x0000000709e00000, 0x000000070a000000|  0%| F|  |TAMS 0x0000000709e00000, 0x0000000709e00000| Untracked 
|  48|0x000000070a000000, 0x000000070a000000, 0x000000070a200000|  0%| F|  |TAMS 0x000000070a000000, 0x000000070a000000| Untracked 
|  49|0x000000070a200000, 0x000000070a200000, 0x000000070a400000|  0%| F|  |TAMS 0x000000070a200000, 0x000000070a200000| Untracked 
|  50|0x000000070a400000, 0x000000070a400000, 0x000000070a600000|  0%| F|  |TAMS 0x000000070a400000, 0x000000070a400000| Untracked 
|  51|0x000000070a600000, 0x000000070a600000, 0x000000070a800000|  0%| F|  |TAMS 0x000000070a600000, 0x000000070a600000| Untracked 
|  52|0x000000070a800000, 0x000000070a800000, 0x000000070aa00000|  0%| F|  |TAMS 0x000000070a800000, 0x000000070a800000| Untracked 
|  53|0x000000070aa00000, 0x000000070aa00000, 0x000000070ac00000|  0%| F|  |TAMS 0x000000070aa00000, 0x000000070aa00000| Untracked 
|  54|0x000000070ac00000, 0x000000070ac00000, 0x000000070ae00000|  0%| F|  |TAMS 0x000000070ac00000, 0x000000070ac00000| Untracked 
|  55|0x000000070ae00000, 0x000000070ae00000, 0x000000070b000000|  0%| F|  |TAMS 0x000000070ae00000, 0x000000070ae00000| Untracked 
|  56|0x000000070b000000, 0x000000070b000000, 0x000000070b200000|  0%| F|  |TAMS 0x000000070b000000, 0x000000070b000000| Untracked 
|  57|0x000000070b200000, 0x000000070b200000, 0x000000070b400000|  0%| F|  |TAMS 0x000000070b200000, 0x000000070b200000| Untracked 
|  58|0x000000070b400000, 0x000000070b400000, 0x000000070b600000|  0%| F|  |TAMS 0x000000070b400000, 0x000000070b400000| Untracked 
|  59|0x000000070b600000, 0x000000070b600000, 0x000000070b800000|  0%| F|  |TAMS 0x000000070b600000, 0x000000070b600000| Untracked 
|  60|0x000000070b800000, 0x000000070b800000, 0x000000070ba00000|  0%| F|  |TAMS 0x000000070b800000, 0x000000070b800000| Untracked 
|  61|0x000000070ba00000, 0x000000070ba00000, 0x000000070bc00000|  0%| F|  |TAMS 0x000000070ba00000, 0x000000070ba00000| Untracked 
|  62|0x000000070bc00000, 0x000000070bc00000, 0x000000070be00000|  0%| F|  |TAMS 0x000000070bc00000, 0x000000070bc00000| Untracked 
|  63|0x000000070be00000, 0x000000070be00000, 0x000000070c000000|  0%| F|  |TAMS 0x000000070be00000, 0x000000070be00000| Untracked 
|  64|0x000000070c000000, 0x000000070c000000, 0x000000070c200000|  0%| F|  |TAMS 0x000000070c000000, 0x000000070c000000| Untracked 
|  65|0x000000070c200000, 0x000000070c200000, 0x000000070c400000|  0%| F|  |TAMS 0x000000070c200000, 0x000000070c200000| Untracked 
|  66|0x000000070c400000, 0x000000070c400000, 0x000000070c600000|  0%| F|  |TAMS 0x000000070c400000, 0x000000070c400000| Untracked 
|  67|0x000000070c600000, 0x000000070c600000, 0x000000070c800000|  0%| F|  |TAMS 0x000000070c600000, 0x000000070c600000| Untracked 
|  68|0x000000070c800000, 0x000000070c800000, 0x000000070ca00000|  0%| F|  |TAMS 0x000000070c800000, 0x000000070c800000| Untracked 
|  69|0x000000070ca00000, 0x000000070ca00000, 0x000000070cc00000|  0%| F|  |TAMS 0x000000070ca00000, 0x000000070ca00000| Untracked 
|  70|0x000000070cc00000, 0x000000070cc00000, 0x000000070ce00000|  0%| F|  |TAMS 0x000000070cc00000, 0x000000070cc00000| Untracked 
|  71|0x000000070ce00000, 0x000000070ce00000, 0x000000070d000000|  0%| F|  |TAMS 0x000000070ce00000, 0x000000070ce00000| Untracked 
|  72|0x000000070d000000, 0x000000070d000000, 0x000000070d200000|  0%| F|  |TAMS 0x000000070d000000, 0x000000070d000000| Untracked 
|  73|0x000000070d200000, 0x000000070d200000, 0x000000070d400000|  0%| F|  |TAMS 0x000000070d200000, 0x000000070d200000| Untracked 
|  74|0x000000070d400000, 0x000000070d400000, 0x000000070d600000|  0%| F|  |TAMS 0x000000070d400000, 0x000000070d400000| Untracked 
|  75|0x000000070d600000, 0x000000070d600000, 0x000000070d800000|  0%| F|  |TAMS 0x000000070d600000, 0x000000070d600000| Untracked 
|  76|0x000000070d800000, 0x000000070d800000, 0x000000070da00000|  0%| F|  |TAMS 0x000000070d800000, 0x000000070d800000| Untracked 
|  77|0x000000070da00000, 0x000000070da00000, 0x000000070dc00000|  0%| F|  |TAMS 0x000000070da00000, 0x000000070da00000| Untracked 
|  78|0x000000070dc00000, 0x000000070dc00000, 0x000000070de00000|  0%| F|  |TAMS 0x000000070dc00000, 0x000000070dc00000| Untracked 
|  79|0x000000070de00000, 0x000000070de00000, 0x000000070e000000|  0%| F|  |TAMS 0x000000070de00000, 0x000000070de00000| Untracked 
|  80|0x000000070e000000, 0x000000070e000000, 0x000000070e200000|  0%| F|  |TAMS 0x000000070e000000, 0x000000070e000000| Untracked 
|  81|0x000000070e200000, 0x000000070e200000, 0x000000070e400000|  0%| F|  |TAMS 0x000000070e200000, 0x000000070e200000| Untracked 
|  82|0x000000070e400000, 0x000000070e400000, 0x000000070e600000|  0%| F|  |TAMS 0x000000070e400000, 0x000000070e400000| Untracked 
|  83|0x000000070e600000, 0x000000070e600000, 0x000000070e800000|  0%| F|  |TAMS 0x000000070e600000, 0x000000070e600000| Untracked 
|  84|0x000000070e800000, 0x000000070e800000, 0x000000070ea00000|  0%| F|  |TAMS 0x000000070e800000, 0x000000070e800000| Untracked 
|  85|0x000000070ea00000, 0x000000070ea00000, 0x000000070ec00000|  0%| F|  |TAMS 0x000000070ea00000, 0x000000070ea00000| Untracked 
|  86|0x000000070ec00000, 0x000000070ec00000, 0x000000070ee00000|  0%| F|  |TAMS 0x000000070ec00000, 0x000000070ec00000| Untracked 
|  87|0x000000070ee00000, 0x000000070ee00000, 0x000000070f000000|  0%| F|  |TAMS 0x000000070ee00000, 0x000000070ee00000| Untracked 
|  88|0x000000070f000000, 0x000000070f000000, 0x000000070f200000|  0%| F|  |TAMS 0x000000070f000000, 0x000000070f000000| Untracked 
|  89|0x000000070f200000, 0x000000070f200000, 0x000000070f400000|  0%| F|  |TAMS 0x000000070f200000, 0x000000070f200000| Untracked 
|  90|0x000000070f400000, 0x000000070f400000, 0x000000070f600000|  0%| F|  |TAMS 0x000000070f400000, 0x000000070f400000| Untracked 
|  91|0x000000070f600000, 0x000000070f600000, 0x000000070f800000|  0%| F|  |TAMS 0x000000070f600000, 0x000000070f600000| Untracked 
|  92|0x000000070f800000, 0x000000070f800000, 0x000000070fa00000|  0%| F|  |TAMS 0x000000070f800000, 0x000000070f800000| Untracked 
|  93|0x000000070fa00000, 0x000000070fa00000, 0x000000070fc00000|  0%| F|  |TAMS 0x000000070fa00000, 0x000000070fa00000| Untracked 
|  94|0x000000070fc00000, 0x000000070fc00000, 0x000000070fe00000|  0%| F|  |TAMS 0x000000070fc00000, 0x000000070fc00000| Untracked 
|  95|0x000000070fe00000, 0x000000070fe00000, 0x0000000710000000|  0%| F|  |TAMS 0x000000070fe00000, 0x000000070fe00000| Untracked 
|  96|0x0000000710000000, 0x0000000710000000, 0x0000000710200000|  0%| F|  |TAMS 0x0000000710000000, 0x0000000710000000| Untracked 
|  97|0x0000000710200000, 0x0000000710200000, 0x0000000710400000|  0%| F|  |TAMS 0x0000000710200000, 0x0000000710200000| Untracked 
|  98|0x0000000710400000, 0x0000000710400000, 0x0000000710600000|  0%| F|  |TAMS 0x0000000710400000, 0x0000000710400000| Untracked 
|  99|0x0000000710600000, 0x0000000710600000, 0x0000000710800000|  0%| F|  |TAMS 0x0000000710600000, 0x0000000710600000| Untracked 
| 100|0x0000000710800000, 0x0000000710800000, 0x0000000710a00000|  0%| F|  |TAMS 0x0000000710800000, 0x0000000710800000| Untracked 
| 101|0x0000000710a00000, 0x0000000710a00000, 0x0000000710c00000|  0%| F|  |TAMS 0x0000000710a00000, 0x0000000710a00000| Untracked 
| 102|0x0000000710c00000, 0x0000000710c00000, 0x0000000710e00000|  0%| F|  |TAMS 0x0000000710c00000, 0x0000000710c00000| Untracked 
| 103|0x0000000710e00000, 0x0000000710e00000, 0x0000000711000000|  0%| F|  |TAMS 0x0000000710e00000, 0x0000000710e00000| Untracked 
| 104|0x0000000711000000, 0x0000000711000000, 0x0000000711200000|  0%| F|  |TAMS 0x0000000711000000, 0x0000000711000000| Untracked 
| 105|0x0000000711200000, 0x0000000711200000, 0x0000000711400000|  0%| F|  |TAMS 0x0000000711200000, 0x0000000711200000| Untracked 
| 106|0x0000000711400000, 0x0000000711400000, 0x0000000711600000|  0%| F|  |TAMS 0x0000000711400000, 0x0000000711400000| Untracked 
| 107|0x0000000711600000, 0x0000000711600000, 0x0000000711800000|  0%| F|  |TAMS 0x0000000711600000, 0x0000000711600000| Untracked 
| 108|0x0000000711800000, 0x0000000711800000, 0x0000000711a00000|  0%| F|  |TAMS 0x0000000711800000, 0x0000000711800000| Untracked 
| 109|0x0000000711a00000, 0x0000000711a00000, 0x0000000711c00000|  0%| F|  |TAMS 0x0000000711a00000, 0x0000000711a00000| Untracked 
| 110|0x0000000711c00000, 0x0000000711c00000, 0x0000000711e00000|  0%| F|  |TAMS 0x0000000711c00000, 0x0000000711c00000| Untracked 
| 111|0x0000000711e00000, 0x0000000711e00000, 0x0000000712000000|  0%| F|  |TAMS 0x0000000711e00000, 0x0000000711e00000| Untracked 
| 112|0x0000000712000000, 0x0000000712000000, 0x0000000712200000|  0%| F|  |TAMS 0x0000000712000000, 0x0000000712000000| Untracked 
| 113|0x0000000712200000, 0x0000000712200000, 0x0000000712400000|  0%| F|  |TAMS 0x0000000712200000, 0x0000000712200000| Untracked 
| 114|0x0000000712400000, 0x0000000712400000, 0x0000000712600000|  0%| F|  |TAMS 0x0000000712400000, 0x0000000712400000| Untracked 
| 115|0x0000000712600000, 0x0000000712600000, 0x0000000712800000|  0%| F|  |TAMS 0x0000000712600000, 0x0000000712600000| Untracked 
| 116|0x0000000712800000, 0x0000000712800000, 0x0000000712a00000|  0%| F|  |TAMS 0x0000000712800000, 0x0000000712800000| Untracked 
| 117|0x0000000712a00000, 0x0000000712a00000, 0x0000000712c00000|  0%| F|  |TAMS 0x0000000712a00000, 0x0000000712a00000| Untracked 
| 118|0x0000000712c00000, 0x0000000712c00000, 0x0000000712e00000|  0%| F|  |TAMS 0x0000000712c00000, 0x0000000712c00000| Untracked 
| 119|0x0000000712e00000, 0x0000000712e00000, 0x0000000713000000|  0%| F|  |TAMS 0x0000000712e00000, 0x0000000712e00000| Untracked 
| 120|0x0000000713000000, 0x0000000713000000, 0x0000000713200000|  0%| F|  |TAMS 0x0000000713000000, 0x0000000713000000| Untracked 
| 121|0x0000000713200000, 0x00000007132112a0, 0x0000000713400000|  3%| E|  |TAMS 0x0000000713200000, 0x0000000713200000| Complete 
| 122|0x0000000713400000, 0x0000000713600000, 0x0000000713600000|100%| E|CS|TAMS 0x0000000713400000, 0x0000000713400000| Complete 
| 123|0x0000000713600000, 0x0000000713800000, 0x0000000713800000|100%| E|CS|TAMS 0x0000000713600000, 0x0000000713600000| Complete 
| 124|0x0000000713800000, 0x0000000713a00000, 0x0000000713a00000|100%| E|CS|TAMS 0x0000000713800000, 0x0000000713800000| Complete 
| 125|0x0000000713a00000, 0x0000000713c00000, 0x0000000713c00000|100%| E|CS|TAMS 0x0000000713a00000, 0x0000000713a00000| Complete 

Card table byte_map: [0x000001a5b5900000,0x000001a5b60e0000] _byte_map_base: 0x000001a5b20e0000

Marking Bits (Prev, Next): (CMBitMap*) 0x000001a59e590e90, (CMBitMap*) 0x000001a59e590ed0
 Prev Bits: [0x000001a5b68c0000, 0x000001a5ba7c0000)
 Next Bits: [0x000001a5ba7c0000, 0x000001a5be6c0000)

Polling page: 0x000001a59c470000

Metaspace:

Usage:
  Non-class:      3.22 MB used.
      Class:    229.30 KB used.
       Both:      3.44 MB used.

Virtual space:
  Non-class space:       64.00 MB reserved,       3.31 MB (  5%) committed,  1 nodes.
      Class space:        1.00 GB reserved,     320.00 KB ( <1%) committed,  1 nodes.
             Both:        1.06 GB reserved,       3.62 MB ( <1%) committed. 

Chunk freelists:
   Non-Class:  10.30 MB
       Class:  15.64 MB
        Both:  25.93 MB

MaxMetaspaceSize: unlimited
CompressedClassSpaceSize: 1.00 GB
Initial GC threshold: 21.00 MB
Current GC threshold: 21.00 MB
CDS: on
MetaspaceReclaimPolicy: balanced
 - commit_granule_bytes: 65536.
 - commit_granule_words: 8192.
 - virtual_space_node_default_size: 8388608.
 - enlarge_chunks_in_place: 1.
 - new_chunks_are_fully_committed: 0.
 - uncommit_free_chunks: 1.
 - use_allocation_guard: 0.
 - handle_deallocations: 1.


Internal statistics:

num_allocs_failed_limit: 0.
num_arena_births: 90.
num_arena_deaths: 0.
num_vsnodes_births: 2.
num_vsnodes_deaths: 0.
num_space_committed: 56.
num_space_uncommitted: 0.
num_chunks_returned_to_freelist: 0.
num_chunks_taken_from_freelist: 177.
num_chunk_merges: 0.
num_chunk_splits: 110.
num_chunks_enlarged: 68.
num_inconsistent_stats: 0.

CodeHeap 'non-profiled nmethods': size=120000Kb used=221Kb max_used=221Kb free=119778Kb
 bounds [0x000001a5ad8b0000, 0x000001a5adb20000, 0x000001a5b4de0000]
CodeHeap 'profiled nmethods': size=120000Kb used=1106Kb max_used=1106Kb free=118894Kb
 bounds [0x000001a5a5de0000, 0x000001a5a6050000, 0x000001a5ad310000]
CodeHeap 'non-nmethods': size=5760Kb used=1599Kb max_used=1613Kb free=4160Kb
 bounds [0x000001a5ad310000, 0x000001a5ad580000, 0x000001a5ad8b0000]
 total_blobs=1709 nmethods=696 adapters=926
 compilation: enabled
              stopped_count=0, restarted_count=0
 full_count=0

Compilation events (20 events):
Event: 0.448 Thread 0x000001a5c1135810  687       4       org.lwjgl.glfw.GLFW::glfwWindowShouldClose (29 bytes)
Event: 0.448 Thread 0x000001a5c1135810 nmethod 687 0x000001a5ad8e5c90 code [0x000001a5ad8e5e20, 0x000001a5ad8e5ee8]
Event: 0.449 Thread 0x000001a5c1135810  688       4       org.lwjgl.glfw.GLFW::glfwPollEvents (9 bytes)
Event: 0.449 Thread 0x000001a5c1135810 nmethod 688 0x000001a5ad8e6010 code [0x000001a5ad8e61a0, 0x000001a5ad8e6228]
Event: 0.453 Thread 0x000001a5c1135810  689       4       Jade.KeyListener::isKeyPressed (9 bytes)
Event: 0.454 Thread 0x000001a5c1135810 nmethod 689 0x000001a5ad8e6310 code [0x000001a5ad8e6480, 0x000001a5ad8e6538]
Event: 0.454 Thread 0x000001a5c1135810  690       4       org.lwjgl.opengl.GL11::glClearColor (8 bytes)
Event: 0.454 Thread 0x000001a5c1135810 nmethod 690 0x000001a5ad8e6610 code [0x000001a5ad8e67a0, 0x000001a5ad8e6828]
Event: 0.454 Thread 0x000001a5c1135810  691       4       org.lwjgl.opengl.GL11::glClear (5 bytes)
Event: 0.454 Thread 0x000001a5c1135810 nmethod 691 0x000001a5ad8e6910 code [0x000001a5ad8e6aa0, 0x000001a5ad8e6b28]
Event: 0.564 Thread 0x000001a5c1135810  692       4       org.lwjgl.system.MemoryUtil::memGetAddress (31 bytes)
Event: 0.565 Thread 0x000001a5c1135810 nmethod 692 0x000001a5ad8e6c10 code [0x000001a5ad8e6d80, 0x000001a5ad8e6dd8]
Event: 0.603 Thread 0x000001a5c11365e0  693       3       Jade.MouseListener::get (20 bytes)
Event: 0.603 Thread 0x000001a5c11365e0 nmethod 693 0x000001a5a5ef2390 code [0x000001a5a5ef2540, 0x000001a5a5ef27a8]
Event: 0.684 Thread 0x000001a5c11365e0  694 %     3       Jade.Window::loop @ 0 (114 bytes)
Event: 0.684 Thread 0x000001a5c11365e0 nmethod 694% 0x000001a5a5ef2890 code [0x000001a5a5ef2b40, 0x000001a5a5ef3518]
Event: 0.687 Thread 0x000001a5c11365e0  695       3       Jade.Window::loop (114 bytes)
Event: 0.688 Thread 0x000001a5c11365e0 nmethod 695 0x000001a5a5ef3890 code [0x000001a5a5ef3b40, 0x000001a5a5ef44b8]
Event: 0.825 Thread 0x000001a5c1135810  696 %     4       Jade.Window::loop @ 0 (114 bytes)
Event: 0.827 Thread 0x000001a5c1135810 nmethod 696% 0x000001a5ad8e6f10 code [0x000001a5ad8e70c0, 0x000001a5ad8e72f0]

GC Heap History (0 events):
No events

Deoptimization events (12 events):
Event: 0.093 Thread 0x000001a59e524f70 DEOPT PACKING pc=0x000001a5a5df6067 sp=0x00000020e3dfb1e0
Event: 0.093 Thread 0x000001a59e524f70 DEOPT UNPACKING pc=0x000001a5ad3666e3 sp=0x00000020e3dfa600 mode 0
Event: 0.105 Thread 0x000001a59e524f70 Uncommon trap: trap_request=0xffffff45 fr.pc=0x000001a5ad8b8364 relative=0x0000000000000064
Event: 0.105 Thread 0x000001a59e524f70 Uncommon trap: reason=unstable_if action=reinterpret pc=0x000001a5ad8b8364 method=java.io.WinNTFileSystem.isSlash(C)Z @ 9 c2
Event: 0.105 Thread 0x000001a59e524f70 DEOPT PACKING pc=0x000001a5ad8b8364 sp=0x00000020e3dfba10
Event: 0.106 Thread 0x000001a59e524f70 DEOPT UNPACKING pc=0x000001a5ad365ba3 sp=0x00000020e3dfb998 mode 2
Event: 0.384 Thread 0x000001a59e524f70 Uncommon trap: trap_request=0xffffff54 fr.pc=0x000001a5ad8e25e0 relative=0x0000000000000060
Event: 0.384 Thread 0x000001a59e524f70 Uncommon trap: reason=speculate_null_assert action=make_not_entrant pc=0x000001a5ad8e25e0 method=sun.misc.Unsafe.putLong(Ljava/lang/Object;JJ)V @ 7 c2
Event: 0.384 Thread 0x000001a59e524f70 DEOPT PACKING pc=0x000001a5ad8e25e0 sp=0x00000020e3dfed00
Event: 0.384 Thread 0x000001a59e524f70 DEOPT UNPACKING pc=0x000001a5ad365ba3 sp=0x00000020e3dfec78 mode 2
Event: 0.853 Thread 0x000001a59e524f70 DEOPT PACKING pc=0x000001a5a5ef33de sp=0x00000020e3dff2c0
Event: 0.853 Thread 0x000001a59e524f70 DEOPT UNPACKING pc=0x000001a5ad3666e3 sp=0x00000020e3dfe7c0 mode 0

Classes unloaded (0 events):
No events

Classes redefined (0 events):
No events

Internal exceptions (20 events):
Event: 0.089 Thread 0x000001a59e524f70 Exception <a 'java/lang/NoSuchMethodError'{0x00000007139c5898}: 'java.lang.Object java.lang.invoke.DirectMethodHandle$Holder.invokeStatic(java.lang.Object, java.lang.Object, int)'> (0x00000007139c5898) 
thrown [s\open\src\hotspot\share\interpreter\linkResolver.cpp, line 759]
Event: 0.090 Thread 0x000001a59e524f70 Exception <a 'java/lang/NoSuchMethodError'{0x00000007139d1840}: 'void java.lang.invoke.DelegatingMethodHandle$Holder.delegate(java.lang.Object, java.lang.Object, int, java.lang.Object)'> (0x00000007139d1840) 
thrown [s\open\src\hotspot\share\interpreter\linkResolver.cpp, line 759]
Event: 0.090 Thread 0x000001a59e524f70 Exception <a 'java/lang/NoSuchMethodError'{0x00000007139d5a80}: 'int java.lang.invoke.DirectMethodHandle$Holder.invokeSpecial(java.lang.Object, java.lang.Object, java.lang.Object)'> (0x00000007139d5a80) 
thrown [s\open\src\hotspot\share\interpreter\linkResolver.cpp, line 759]
Event: 0.110 Thread 0x000001a59e524f70 Exception <a 'sun/nio/fs/WindowsException'{0x00000007136327f8}> (0x00000007136327f8) 
thrown [s\open\src\hotspot\share\prims\jni.cpp, line 516]
Event: 0.110 Thread 0x000001a59e524f70 Exception <a 'sun/nio/fs/WindowsException'{0x0000000713632da0}> (0x0000000713632da0) 
thrown [s\open\src\hotspot\share\prims\jni.cpp, line 516]
Event: 0.144 Thread 0x000001a59e524f70 Exception <a 'java/lang/NoSuchMethodError'{0x00000007136f7c08}: 'int java.lang.invoke.DirectMethodHandle$Holder.invokeStaticInit(java.lang.Object, java.lang.Object, int, long)'> (0x00000007136f7c08) 
thrown [s\open\src\hotspot\share\interpreter\linkResolver.cpp, line 759]
Event: 0.145 Thread 0x000001a59e524f70 Exception <a 'java/lang/NoSuchMethodError'{0x00000007136fd4d0}: 'java.lang.Object java.lang.invoke.DirectMethodHandle$Holder.newInvokeSpecial(java.lang.Object, java.lang.Object, int)'> (0x00000007136fd4d0) 
thrown [s\open\src\hotspot\share\interpreter\linkResolver.cpp, line 759]
Event: 0.146 Thread 0x000001a59e524f70 Exception <a 'java/lang/NoSuchMethodError'{0x000000071370d9a0}: 'int java.lang.invoke.DirectMethodHandle$Holder.invokeStaticInit(java.lang.Object, java.lang.Object, long, long)'> (0x000000071370d9a0) 
thrown [s\open\src\hotspot\share\interpreter\linkResolver.cpp, line 759]
Event: 0.147 Thread 0x000001a59e524f70 Exception <a 'java/lang/NoSuchMethodError'{0x0000000713713728}: 'java.lang.Object java.lang.invoke.DirectMethodHandle$Holder.newInvokeSpecial(java.lang.Object, java.lang.Object, long)'> (0x0000000713713728) 
thrown [s\open\src\hotspot\share\interpreter\linkResolver.cpp, line 759]
Event: 0.147 Thread 0x000001a59e524f70 Exception <a 'java/lang/NoSuchMethodError'{0x0000000713716ff0}: 'java.lang.Object java.lang.invoke.Invokers$Holder.linkToTargetMethod(java.lang.Object, long, java.lang.Object)'> (0x0000000713716ff0) 
thrown [s\open\src\hotspot\share\interpreter\linkResolver.cpp, line 759]
Event: 0.147 Thread 0x000001a59e524f70 Exception <a 'java/lang/NoSuchMethodError'{0x000000071371e4c0}: 'int java.lang.invoke.DirectMethodHandle$Holder.invokeStaticInit(java.lang.Object, java.lang.Object, java.lang.Object, long)'> (0x000000071371e4c0) 
thrown [s\open\src\hotspot\share\interpreter\linkResolver.cpp, line 759]
Event: 0.161 Thread 0x000001a59e524f70 Exception <a 'sun/nio/fs/WindowsException'{0x00000007137e5760}> (0x00000007137e5760) 
thrown [s\open\src\hotspot\share\prims\jni.cpp, line 516]
Event: 0.161 Thread 0x000001a59e524f70 Exception <a 'sun/nio/fs/WindowsException'{0x00000007137e5b20}> (0x00000007137e5b20) 
thrown [s\open\src\hotspot\share\prims\jni.cpp, line 516]
Event: 0.270 Thread 0x000001a59e524f70 Exception <a 'java/lang/NoSuchMethodError'{0x000000071344b500}: 'void java.lang.invoke.DirectMethodHandle$Holder.invokeStaticInit(java.lang.Object, long, double, double)'> (0x000000071344b500) 
thrown [s\open\src\hotspot\share\interpreter\linkResolver.cpp, line 759]
Event: 0.275 Thread 0x000001a59e524f70 Exception <a 'java/lang/NoSuchMethodError'{0x000000071345b9c0}: 'void java.lang.invoke.DirectMethodHandle$Holder.invokeStaticInit(java.lang.Object, long, int, int, int)'> (0x000000071345b9c0) 
thrown [s\open\src\hotspot\share\interpreter\linkResolver.cpp, line 759]
Event: 0.281 Thread 0x000001a59e524f70 Exception <a 'java/lang/NoSuchMethodError'{0x0000000713476ed8}: 'void java.lang.invoke.DirectMethodHandle$Holder.invokeStaticInit(java.lang.Object, long, int, int, int, int)'> (0x0000000713476ed8) 
thrown [s\open\src\hotspot\share\interpreter\linkResolver.cpp, line 759]
Event: 0.352 Thread 0x000001a59e524f70 Exception <a 'sun/nio/fs/WindowsException'{0x00000007134b0138}> (0x00000007134b0138) 
thrown [s\open\src\hotspot\share\prims\jni.cpp, line 516]
Event: 0.352 Thread 0x000001a59e524f70 Exception <a 'sun/nio/fs/WindowsException'{0x00000007134b0528}> (0x00000007134b0528) 
thrown [s\open\src\hotspot\share\prims\jni.cpp, line 516]
Event: 0.357 Thread 0x000001a59e524f70 Exception <a 'sun/nio/fs/WindowsException'{0x00000007134bc368}> (0x00000007134bc368) 
thrown [s\open\src\hotspot\share\prims\jni.cpp, line 516]
Event: 0.357 Thread 0x000001a59e524f70 Exception <a 'sun/nio/fs/WindowsException'{0x00000007134bc698}> (0x00000007134bc698) 
thrown [s\open\src\hotspot\share\prims\jni.cpp, line 516]

VM Operations (6 events):
Event: 0.045 Executing VM operation: HandshakeAllThreads
Event: 0.045 Executing VM operation: HandshakeAllThreads done
Event: 0.105 Executing VM operation: HandshakeAllThreads
Event: 0.105 Executing VM operation: HandshakeAllThreads done
Event: 0.120 Executing VM operation: HandshakeAllThreads
Event: 0.120 Executing VM operation: HandshakeAllThreads done

Events (20 events):
Event: 0.142 loading class jdk/internal/reflect/UnsafeQualifiedStaticFieldAccessorImpl done
Event: 0.142 loading class jdk/internal/reflect/UnsafeQualifiedStaticObjectFieldAccessorImpl done
Event: 0.144 loading class java/util/function/LongPredicate
Event: 0.144 loading class java/util/function/LongPredicate done
Event: 0.145 loading class jdk/internal/access/foreign/MemorySegmentProxy
Event: 0.145 loading class jdk/internal/access/foreign/MemorySegmentProxy done
Event: 0.148 loading class java/nio/InvalidMarkException
Event: 0.148 loading class java/nio/InvalidMarkException done
Event: 0.148 loading class java/nio/BufferUnderflowException
Event: 0.148 loading class java/nio/BufferUnderflowException done
Event: 0.154 loading class java/util/Formatter$FixedString
Event: 0.154 loading class java/util/Formatter$FixedString done
Event: 0.161 loading class java/lang/NoSuchFieldError
Event: 0.161 loading class java/lang/NoSuchFieldError done
Event: 0.166 loading class jdk/internal/reflect/UnsafeQualifiedStaticIntegerFieldAccessorImpl
Event: 0.166 loading class jdk/internal/reflect/UnsafeQualifiedStaticIntegerFieldAccessorImpl done
Event: 0.268 Thread 0x000001a5c140cec0 Thread exited: 0x000001a5c140cec0
Event: 0.351 loading class jdk/internal/misc/ScopedMemoryAccess$Scope
Event: 0.351 loading class jdk/internal/misc/ScopedMemoryAccess$Scope done
Event: 0.353 Loaded shared library C:\Users\Matan Zhivotovsky\AppData\Local\Temp\lwjgl_Matan Zhivotovsky\3.3.3+5\x64\lwjgl_opengl.dll


Dynamic libraries:
0x00007ff6a22f0000 - 0x00007ff6a2300000 	C:\Program Files\Java\jdk-17\bin\java.exe
0x00007ffe3d970000 - 0x00007ffe3db87000 	C:\WINDOWS\SYSTEM32\ntdll.dll
0x00007ffe3d090000 - 0x00007ffe3d154000 	C:\WINDOWS\System32\KERNEL32.DLL
0x00007ffe3ae40000 - 0x00007ffe3b1ec000 	C:\WINDOWS\System32\KERNELBASE.dll
0x00007ffe3aca0000 - 0x00007ffe3adb1000 	C:\WINDOWS\System32\ucrtbase.dll
0x00007ffe1bae0000 - 0x00007ffe1bafb000 	C:\Program Files\Java\jdk-17\bin\VCRUNTIME140.dll
0x00007ffe2fd40000 - 0x00007ffe2fd59000 	C:\Program Files\Java\jdk-17\bin\jli.dll
0x00007ffe3d1c0000 - 0x00007ffe3d272000 	C:\WINDOWS\System32\ADVAPI32.dll
0x00007ffe3b7d0000 - 0x00007ffe3b877000 	C:\WINDOWS\System32\msvcrt.dll
0x00007ffe3d710000 - 0x00007ffe3d7ba000 	C:\WINDOWS\System32\sechost.dll
0x00007ffe3b450000 - 0x00007ffe3b478000 	C:\WINDOWS\System32\bcrypt.dll
0x00007ffe3b6b0000 - 0x00007ffe3b7c5000 	C:\WINDOWS\System32\RPCRT4.dll
0x00007ffe3d2f0000 - 0x00007ffe3d49e000 	C:\WINDOWS\System32\USER32.dll
0x00007ffe3b300000 - 0x00007ffe3b326000 	C:\WINDOWS\System32\win32u.dll
0x00007ffe0d1d0000 - 0x00007ffe0d463000 	C:\WINDOWS\WinSxS\amd64_microsoft.windows.common-controls_6595b64144ccf1df_6.0.22621.3672_none_2713b9d173822955\COMCTL32.dll
0x00007ffe3c960000 - 0x00007ffe3c989000 	C:\WINDOWS\System32\GDI32.dll
0x00007ffe3b330000 - 0x00007ffe3b449000 	C:\WINDOWS\System32\gdi32full.dll
0x00007ffe3b1f0000 - 0x00007ffe3b28a000 	C:\WINDOWS\System32\msvcp_win.dll
0x00007ffe30f80000 - 0x00007ffe30f8a000 	C:\WINDOWS\SYSTEM32\VERSION.dll
0x00007ffe3cf50000 - 0x00007ffe3cf81000 	C:\WINDOWS\System32\IMM32.DLL
0x00007ffe310e0000 - 0x00007ffe310ec000 	C:\Program Files\Java\jdk-17\bin\vcruntime140_1.dll
0x00007ffe18170000 - 0x00007ffe181fe000 	C:\Program Files\Java\jdk-17\bin\msvcp140.dll
0x00007ffd9d600000 - 0x00007ffd9e1e0000 	C:\Program Files\Java\jdk-17\bin\server\jvm.dll
0x00007ffe3d4a0000 - 0x00007ffe3d4a8000 	C:\WINDOWS\System32\PSAPI.DLL
0x00007ffda8d40000 - 0x00007ffda8d49000 	C:\WINDOWS\SYSTEM32\WSOCK32.dll
0x00007ffe38680000 - 0x00007ffe386b4000 	C:\WINDOWS\SYSTEM32\WINMM.dll
0x00007ffe3bba0000 - 0x00007ffe3bc11000 	C:\WINDOWS\System32\WS2_32.dll
0x00007ffe39d80000 - 0x00007ffe39d98000 	C:\WINDOWS\SYSTEM32\kernel.appcore.dll
0x00007ffe2f4b0000 - 0x00007ffe2f4ba000 	C:\Program Files\Java\jdk-17\bin\jimage.dll
0x00007ffe38440000 - 0x00007ffe38672000 	C:\WINDOWS\SYSTEM32\DBGHELP.DLL
0x00007ffe3c5d0000 - 0x00007ffe3c958000 	C:\WINDOWS\System32\combase.dll
0x00007ffe3bc20000 - 0x00007ffe3bcf7000 	C:\WINDOWS\System32\OLEAUT32.dll
0x00007ffe383c0000 - 0x00007ffe383f2000 	C:\WINDOWS\SYSTEM32\dbgcore.DLL
0x00007ffe3adc0000 - 0x00007ffe3ae3b000 	C:\WINDOWS\System32\bcryptPrimitives.dll
0x00007ffe18520000 - 0x00007ffe18545000 	C:\Program Files\Java\jdk-17\bin\java.dll
0x00007ffe18090000 - 0x00007ffe18167000 	C:\Program Files\Java\jdk-17\bin\jsvml.dll
0x00007ffe3bd00000 - 0x00007ffe3c55c000 	C:\WINDOWS\System32\SHELL32.dll
0x00007ffe38bb0000 - 0x00007ffe394a7000 	C:\WINDOWS\SYSTEM32\windows.storage.dll
0x00007ffe38a70000 - 0x00007ffe38baf000 	C:\WINDOWS\SYSTEM32\wintypes.dll
0x00007ffe3ce40000 - 0x00007ffe3cf34000 	C:\WINDOWS\System32\SHCORE.dll
0x00007ffe3c560000 - 0x00007ffe3c5be000 	C:\WINDOWS\System32\shlwapi.dll
0x00007ffe3abd0000 - 0x00007ffe3abf1000 	C:\WINDOWS\SYSTEM32\profapi.dll
0x00007ffe18050000 - 0x00007ffe18069000 	C:\Program Files\Java\jdk-17\bin\net.dll
0x00007ffe32590000 - 0x00007ffe326c6000 	C:\WINDOWS\SYSTEM32\WINHTTP.dll
0x00007ffe3a1f0000 - 0x00007ffe3a259000 	C:\WINDOWS\system32\mswsock.dll
0x00007ffe17f00000 - 0x00007ffe17f16000 	C:\Program Files\Java\jdk-17\bin\nio.dll
0x00007ffe18070000 - 0x00007ffe18088000 	C:\Program Files\Java\jdk-17\bin\zip.dll
0x00007ffe12950000 - 0x00007ffe129cb000 	C:\Users\Matan Zhivotovsky\AppData\Local\Temp\lwjgl_Matan Zhivotovsky\3.3.3+5\x64\lwjgl.dll
0x00007ffe13c90000 - 0x00007ffe13d12000 	C:\Users\MATANZ~1\AppData\Local\Temp\lwjgl_Matan Zhivotovsky\3.3.3+5\x64\glfw.dll
0x00007ffe13c40000 - 0x00007ffe13c86000 	C:\WINDOWS\SYSTEM32\dinput8.dll
0x00007ffe18330000 - 0x00007ffe18341000 	C:\WINDOWS\SYSTEM32\xinput1_4.dll
0x00007ffe3a9c0000 - 0x00007ffe3a9ec000 	C:\WINDOWS\SYSTEM32\DEVOBJ.dll
0x00007ffe3a950000 - 0x00007ffe3a99e000 	C:\WINDOWS\SYSTEM32\cfgmgr32.dll
0x00007ffe37b60000 - 0x00007ffe37b8b000 	C:\WINDOWS\SYSTEM32\dwmapi.dll
0x00007ffe20ac0000 - 0x00007ffe20ccc000 	C:\WINDOWS\SYSTEM32\inputhost.dll
0x00007ffe34ba0000 - 0x00007ffe34cd3000 	C:\WINDOWS\SYSTEM32\CoreMessaging.dll
0x00007ffe37920000 - 0x00007ffe379ca000 	C:\WINDOWS\system32\uxtheme.dll
0x00007ffe3ba40000 - 0x00007ffe3bb93000 	C:\WINDOWS\System32\MSCTF.dll
0x00007ffe3a490000 - 0x00007ffe3a49c000 	C:\WINDOWS\SYSTEM32\CRYPTBASE.DLL
0x00007ffdf7c10000 - 0x00007ffdf7d10000 	C:\WINDOWS\SYSTEM32\opengl32.dll
0x00007ffdf83d0000 - 0x00007ffdf83fd000 	C:\WINDOWS\SYSTEM32\GLU32.dll
0x00007ffe37a00000 - 0x00007ffe37a39000 	C:\WINDOWS\SYSTEM32\dxcore.dll
0x00007ffe2d910000 - 0x00007ffe2d959000 	C:\WINDOWS\SYSTEM32\directxdatabasehelper.dll
0x00007ffe3d4b0000 - 0x00007ffe3d560000 	C:\WINDOWS\System32\clbcatq.dll
0x00007ffe0f4c0000 - 0x00007ffe105eb000 	C:\WINDOWS\System32\DriverStore\FileRepository\iigd_dch.inf_amd64_3fd734cf72127ac9\igxelpicd64.dll
0x00007ffe3d560000 - 0x00007ffe3d705000 	C:\WINDOWS\System32\ole32.dll
0x00007ffe37a40000 - 0x00007ffe37b37000 	C:\WINDOWS\system32\dxgi.dll
0x00007ffe11c80000 - 0x00007ffe11dd5000 	C:\WINDOWS\System32\DriverStore\FileRepository\iigd_dch.inf_amd64_3fd734cf72127ac9\igdml64.dll
0x00007ffe28890000 - 0x00007ffe28cc8000 	C:\WINDOWS\System32\DriverStore\FileRepository\iigd_dch.inf_amd64_3fd734cf72127ac9\igdgmm64.dll
0x00007ffe3b290000 - 0x00007ffe3b2fb000 	C:\WINDOWS\System32\WINTRUST.dll
0x00007ffe3b540000 - 0x00007ffe3b6a7000 	C:\WINDOWS\System32\CRYPT32.dll
0x00007ffe3a4d0000 - 0x00007ffe3a4e2000 	C:\WINDOWS\SYSTEM32\MSASN1.dll
0x00007ffe249e0000 - 0x00007ffe2888d000 	C:\WINDOWS\System32\DriverStore\FileRepository\iigd_dch.inf_amd64_3fd734cf72127ac9\igc64.dll
0x00007ffe39af0000 - 0x00007ffe39b3d000 	C:\WINDOWS\SYSTEM32\powrprof.dll
0x00007ffe39ad0000 - 0x00007ffe39ae3000 	C:\WINDOWS\SYSTEM32\UMPDC.dll
0x00007ffe20970000 - 0x00007ffe20abd000 	C:\WINDOWS\SYSTEM32\textinputframework.dll
0x00007ffe2cfd0000 - 0x00007ffe2d33d000 	C:\WINDOWS\SYSTEM32\CoreUIComponents.dll
0x00007ffe0f460000 - 0x00007ffe0f4be000 	C:\Users\Matan Zhivotovsky\AppData\Local\Temp\lwjgl_Matan Zhivotovsky\3.3.3+5\x64\lwjgl_opengl.dll

dbghelp: loaded successfully - version: 4.0.5 - missing functions: none
symbol engine: initialized successfully - sym options: 0x614 - pdb path: .;C:\Program Files\Java\jdk-17\bin;C:\WINDOWS\SYSTEM32;C:\WINDOWS\WinSxS\amd64_microsoft.windows.common-controls_6595b64144ccf1df_6.0.22621.3672_none_2713b9d173822955;C:\Program Files\Java\jdk-17\bin\server;C:\Users\Matan Zhivotovsky\AppData\Local\Temp\lwjgl_Matan Zhivotovsky\3.3.3+5\x64;C:\Users\MATANZ~1\AppData\Local\Temp\lwjgl_Matan Zhivotovsky\3.3.3+5\x64;C:\WINDOWS\System32\DriverStore\FileRepository\iigd_dch.inf_amd64_3fd734cf72127ac9

VM Arguments:
jvm_args: -Dfile.encoding=windows-1252 -Duser.country=US -Duser.language=en -Duser.variant 
java_command: Main
java_class_path (initial): C:\Users\Matan Zhivotovsky\Documents\Programming\OOP\Mario\build\classes\java\main;C:\Users\Matan Zhivotovsky\Documents\Programming\OOP\Mario\build\resources\main;C:\Users\Matan Zhivotovsky\.gradle\caches\modules-2\files-2.1\org.lwjgl\lwjgl-assimp\3.3.3\c2c34011cbda30ed8cf98bc5cbf97b49afe5279a\lwjgl-assimp-3.3.3.jar;C:\Users\Matan Zhivotovsky\.gradle\caches\modules-2\files-2.1\org.lwjgl\lwjgl-assimp\3.3.3\d90ccdade594716062975cffd1431d387f770ac4\lwjgl-assimp-3.3.3-natives-windows.jar;C:\Users\Matan Zhivotovsky\.gradle\caches\modules-2\files-2.1\org.lwjgl\lwjgl-glfw\3.3.3\efa1eb78c5ccd840e9f329717109b5e892d72f8e\lwjgl-glfw-3.3.3.jar;C:\Users\Matan Zhivotovsky\.gradle\caches\modules-2\files-2.1\org.lwjgl\lwjgl-glfw\3.3.3\e449e28b4891fc423c54c85fbc5bb0b9efece67a\lwjgl-glfw-3.3.3-natives-windows.jar;C:\Users\Matan Zhivotovsky\.gradle\caches\modules-2\files-2.1\org.lwjgl\lwjgl-nfd\3.3.3\f1b41d3a0a2f5cd2a55a6a59a618c87d0348681c\lwjgl-nfd-3.3.3.jar;C:\Users\Matan Zhivotovsky\.gradle\caches\modules-2\files-2.1\org.lwjgl\lwjgl-nfd\3.3.3\3a39132eef695dcb7631adc1d02e493527940d10\lwjgl-nfd-3.3.3-natives-windows.jar;C:\Users\Matan Zhivotovsky\.gradle\caches\modules-2\files-2.1\org.lwjgl\lwjgl-openal\3.3.3\daada81ceb5fc0c291fbfdd4433cb8d9423577f2\lwjgl-openal-3.3.3.jar;C:\Users\Matan Zhivotovsky\.gradle\caches\modules-2\files-2.1\org.lwjgl\lwjgl-openal\3.3.3\cf83862ae95d98496b26915024c7e666d8ab1c8f\lwjgl-openal-3.3.3-natives-windows.jar;C:\Users\Matan Zhivotovsky\.gradle\caches\modules-2\files-2.1\org.lwjgl\lwjgl-opengl\3.3.3\2f6b0147078396a58979125a4c947664e98293a\lwjgl-opengl-3.3.3.jar;C:\Users\Matan Zhivotovsky\.gradle\caches\modules-2\files-2.1\org.lwjgl\lwjgl-opengl\3.3.3\e6c1eec8be8a71951b830a4d69efc01c6531900c\lwjgl-opengl-3.3.3-natives-windows.jar;C:\Users\Matan Zhivotovsky\.gradle\caches\modules-2\files-2.1\org.lwjgl\lwjgl-stb\3.3.3\25dd6161988d7e65f71d5065c99902402ee32746\lwjgl-stb-3.3.3.jar;C:\Users\Matan Zhivotovsky\.gradle\caches\modules-
Launcher Type: SUN_STANDARD

[Global flags]
     intx CICompilerCount                          = 4                                         {product} {ergonomic}
     uint ConcGCThreads                            = 2                                         {product} {ergonomic}
     uint G1ConcRefinementThreads                  = 8                                         {product} {ergonomic}
   size_t G1HeapRegionSize                         = 2097152                                   {product} {ergonomic}
    uintx GCDrainStackTargetSize                   = 64                                        {product} {ergonomic}
   size_t InitialHeapSize                          = 264241152                                 {product} {ergonomic}
   size_t MarkStackSize                            = 4194304                                   {product} {ergonomic}
   size_t MaxHeapSize                              = 4227858432                                {product} {ergonomic}
   size_t MaxNewSize                               = 2535456768                                {product} {ergonomic}
   size_t MinHeapDeltaBytes                        = 2097152                                   {product} {ergonomic}
   size_t MinHeapSize                              = 8388608                                   {product} {ergonomic}
    uintx NonNMethodCodeHeapSize                   = 5839372                                {pd product} {ergonomic}
    uintx NonProfiledCodeHeapSize                  = 122909434                              {pd product} {ergonomic}
    uintx ProfiledCodeHeapSize                     = 122909434                              {pd product} {ergonomic}
    uintx ReservedCodeCacheSize                    = 251658240                              {pd product} {ergonomic}
     bool SegmentedCodeCache                       = true                                      {product} {ergonomic}
   size_t SoftMaxHeapSize                          = 4227858432                             {manageable} {ergonomic}
     bool UseCompressedClassPointers               = true                           {product lp64_product} {ergonomic}
     bool UseCompressedOops                        = true                           {product lp64_product} {ergonomic}
     bool UseG1GC                                  = true                                      {product} {ergonomic}
     bool UseLargePagesIndividualAllocation        = false                                  {pd product} {ergonomic}

Logging:
Log output configuration:
 #0: stdout all=warning uptime,level,tags
 #1: stderr all=off uptime,level,tags

Environment Variables:
PATH=C:\Program Files\Common Files\Oracle\Java\javapath;C:\WINDOWS\system32;C:\WINDOWS;C:\WINDOWS\System32\Wbem;C:\WINDOWS\System32\WindowsPowerShell\v1.0\;C:\WINDOWS\System32\OpenSSH\;C:\Program Files\dotnet\;C:\Program Files\nodejs\;C:\Program Files\Git\cmd;C:\Users\Matan Zhivotovsky\AppData\Local\Microsoft\WindowsApps;C:\Users\Matan Zhivotovsky\AppData\Local\Programs\Microsoft VS Code\bin;C:\Users\Matan Zhivotovsky\AppData\Roaming\npm;C:\Users\Matan Zhivotovsky\apache-ant-1.10.13\bin;
USERNAME=Matan Zhivotovsky
OS=Windows_NT
PROCESSOR_IDENTIFIER=Intel64 Family 6 Model 140 Stepping 2, GenuineIntel



---------------  S Y S T E M  ---------------

OS:
 Windows 11 , 64 bit Build 22621 (10.0.22621.3672)
OS uptime: 2 days 9:09 hours
Hyper-V role detected

CPU: total 8 (initial active 8) (4 cores per cpu, 2 threads per core) family 6 model 140 stepping 2 microcode 0x16, cx8, cmov, fxsr, ht, mmx, 3dnowpref, sse, sse2, sse3, ssse3, sse4.1, sse4.2, popcnt, lzcnt, tsc, tscinvbit, avx, avx2, aes, erms, clmul, bmi1, bmi2, adx, avx512f, avx512dq, avx512cd, avx512bw, avx512vl, sha, fma, vzeroupper, avx512_vpopcntdq, avx512_vpclmulqdq, avx512_vaes, avx512_vnni, clflush, clflushopt, clwb, avx512_vbmi2, avx512_vbmi, hv

Memory: 4k page, system-wide physical 16122M (2868M free)
TotalPageFile size 27386M (AvailPageFile size 9846M)
current process WorkingSet (physical memory assigned to process): 153M, peak: 153M
current process commit charge ("private bytes"): 398M, peak: 398M

vm_info: Java HotSpot(TM) 64-Bit Server VM (17.0.11+7-LTS-207) for windows-amd64 JRE (17.0.11+7-LTS-207), built on Mar 11 2024 19:01:50 by "mach5one" with MS VC++ 17.6 (VS2022)

END.
